<?xml version="1.0" encoding="UTF-8"?>
<!-- Generated by org.testng.reporters.JUnitReportReporter -->
<testsuite hostname="DESKTOP-5IBL8KI" failures="0" tests="1" name="com.automation.appln.businessscripts.InstTest" time="9.949" errors="0" timestamp="2022-03-07T17:44:57 IST" skipped="0">
  <testcase classname="com.automation.appln.businessscripts.InstTest" name="instTest" time="9.949"/>
  <system-out/>
</testsuite> <!-- com.automation.appln.businessscripts.InstTest -->
